<?xml version="1.0" encoding="UTF-8"?>
<!-- Generated by org.testng.reporters.JUnitReportReporter -->
<testsuite hostname="ashish-PC" name="testcases.RegTest" tests="2" failures="0" timestamp="20 Jun 2014 09:35:41 GMT" time="0.007" errors="0">
  <testcase name="doRegister" time="0.000" classname="testcases.RegTest"/>
  <testcase name="doRegister" time="0.007" classname="testcases.RegTest"/>
</testsuite> <!-- testcases.RegTest -->
