<?xml version="1.0" encoding="UTF-8"?>
<!-- Generated by org.testng.reporters.JUnitReportReporter -->
<testsuite skipped="0" hostname="DS-E0699598D816" name="testcases.TestCases" tests="4" failures="0" timestamp="9 Nov 2016 14:16:09 GMT" time="0.030" errors="0">
  <testcase name="testB" time="0.001" classname="testcases.TestCases"/>
  <testcase name="testA" time="0.011" classname="testcases.TestCases"/>
  <testcase name="testA" time="0.017" classname="testcases.TestCases"/>
  <testcase name="testB" time="0.001" classname="testcases.TestCases"/>
</testsuite> <!-- testcases.TestCases -->
