<?xml version="1.0" encoding="UTF-8"?>
<!-- Generated by org.testng.reporters.JUnitReportReporter -->
<testsuite hostname="ashish-PC" name="testcases.SampleTest" tests="4" failures="0" timestamp="20 Jun 2014 11:09:52 GMT" time="0.010" errors="0">
  <testcase name="logout" time="0.000" classname="testcases.SampleTest"/>
  <testcase name="testLogin" time="0.000" classname="testcases.SampleTest"/>
  <testcase name="testChangePassword" time="0.000" classname="testcases.SampleTest"/>
  <testcase name="testLogin" time="0.010" classname="testcases.SampleTest"/>
</testsuite> <!-- testcases.SampleTest -->
